<?xml version="1.0" encoding="UTF-8"?>
<testng-results skipped="0" failed="0" ignored="0" total="1" passed="1">
  <reporter-output>
  </reporter-output>
  <suite name="com.candy.test.CCWTest" duration-ms="47" started-at="2017-06-08T14:15:34Z" finished-at="2017-06-08T14:15:34Z">
    <groups>
    </groups>
    <test name="Command line test" duration-ms="47" started-at="2017-06-08T14:15:34Z" finished-at="2017-06-08T14:15:34Z">
      <class name="com.candy.test.CCWTest">
        <test-method status="PASS" signature="test()[pri:0, instance:com.candy.test.CCWTest@6aaa5eb0]" name="test" duration-ms="0" started-at="2017-06-08T22:15:34Z" finished-at="2017-06-08T22:15:34Z">
          <reporter-output>
          </reporter-output>
        </test-method> <!-- test -->
      </class> <!-- com.candy.test.CCWTest -->
    </test> <!-- Command line test -->
  </suite> <!-- com.candy.test.CCWTest -->
</testng-results>
